<?xml version="1.0" encoding="UTF-8"?>
<testng-results skipped="0" failed="0" ignored="0" total="2" passed="2">
  <reporter-output>
  </reporter-output>
  <suite name="search-module" duration-ms="39212" started-at="2019-06-03T20:42:40Z" finished-at="2019-06-03T20:43:20Z">
    <groups>
    </groups>
    <test name="search-test-java" duration-ms="16772" started-at="2019-06-03T20:42:40Z" finished-at="2019-06-03T20:42:57Z">
      <class name="com.searchmodule.tests.SearchTest">
        <test-method status="PASS" signature="setupDriver(org.testng.ITestContext)[pri:0, instance:com.searchmodule.tests.SearchTest@6e3c1e69]" name="setupDriver" is-config="true" duration-ms="10899" started-at="2019-06-03T20:42:40Z" finished-at="2019-06-03T20:42:51Z">
          <params>
            <param index="0">
              <value>
                <![CDATA[org.testng.TestRunner@1f9f6368]]>
              </value>
            </param>
          </params>
          <reporter-output>
          </reporter-output>
        </test-method> <!-- setupDriver -->
        <test-method status="PASS" signature="search(java.lang.String)[pri:0, instance:com.searchmodule.tests.SearchTest@6e3c1e69]" name="search" duration-ms="5778" started-at="2019-06-03T20:42:51Z" finished-at="2019-06-03T20:42:57Z">
          <params>
            <param index="0">
              <value>
                <![CDATA[java]]>
              </value>
            </param>
          </params>
          <reporter-output>
          </reporter-output>
        </test-method> <!-- search -->
        <test-method status="PASS" signature="quitBrowser()[pri:0, instance:com.searchmodule.tests.SearchTest@6e3c1e69]" name="quitBrowser" is-config="true" duration-ms="71" started-at="2019-06-03T20:42:57Z" finished-at="2019-06-03T20:42:57Z">
          <reporter-output>
          </reporter-output>
        </test-method> <!-- quitBrowser -->
      </class> <!-- com.searchmodule.tests.SearchTest -->
    </test> <!-- search-test-java -->
    <test name="search-test-QA" duration-ms="22387" started-at="2019-06-03T20:42:57Z" finished-at="2019-06-03T20:43:20Z">
      <class name="com.searchmodule.tests.SearchTest">
        <test-method status="PASS" signature="setupDriver(org.testng.ITestContext)[pri:0, instance:com.searchmodule.tests.SearchTest@7dc36524]" name="setupDriver" is-config="true" duration-ms="16791" started-at="2019-06-03T20:42:57Z" finished-at="2019-06-03T20:43:14Z">
          <params>
            <param index="0">
              <value>
                <![CDATA[org.testng.TestRunner@1c9b0314]]>
              </value>
            </param>
          </params>
          <reporter-output>
          </reporter-output>
        </test-method> <!-- setupDriver -->
        <test-method status="PASS" signature="search(java.lang.String)[pri:0, instance:com.searchmodule.tests.SearchTest@7dc36524]" name="search" duration-ms="5528" started-at="2019-06-03T20:43:14Z" finished-at="2019-06-03T20:43:19Z">
          <params>
            <param index="0">
              <value>
                <![CDATA[qa]]>
              </value>
            </param>
          </params>
          <reporter-output>
          </reporter-output>
        </test-method> <!-- search -->
        <test-method status="PASS" signature="quitBrowser()[pri:0, instance:com.searchmodule.tests.SearchTest@7dc36524]" name="quitBrowser" is-config="true" duration-ms="66" started-at="2019-06-03T20:43:19Z" finished-at="2019-06-03T20:43:20Z">
          <reporter-output>
          </reporter-output>
        </test-method> <!-- quitBrowser -->
      </class> <!-- com.searchmodule.tests.SearchTest -->
    </test> <!-- search-test-QA -->
  </suite> <!-- search-module -->
</testng-results>
